Using pre-set license
Built from '2022.3/staging' branch; Version is '2022.3.16f1 (d2c21f0ef2f1) revision 13812255'; Using compiler version '192829333'; Build Type 'Release'
OS: 'Windows 10  (10.0.19045) 64bit Core' Language: 'ja' Physical Memory: 16322 MB
BatchMode: 1, IsHumanControllingUs: 0, StartBugReporterOnCrash: 0, Is64bit: 1, IsPro: 1

COMMAND LINE ARGUMENTS:
C:\Program Files\Unity\Hub\Editor\2022.3.16f1\Editor\Unity.exe
-adb2
-batchMode
-noUpm
-name
AssetImportWorker2
-projectPath
D:/UnityProject/3D_test3
-logFile
Logs/AssetImportWorker2.log
-srvPort
50132
Successfully changed project path to: D:/UnityProject/3D_test3
D:/UnityProject/3D_test3
[UnityMemory] Configuration Parameters - Can be set up in boot.config
    "memorysetup-bucket-allocator-granularity=16"
    "memorysetup-bucket-allocator-bucket-count=8"
    "memorysetup-bucket-allocator-block-size=33554432"
    "memorysetup-bucket-allocator-block-count=8"
    "memorysetup-main-allocator-block-size=16777216"
    "memorysetup-thread-allocator-block-size=16777216"
    "memorysetup-gfx-main-allocator-block-size=16777216"
    "memorysetup-gfx-thread-allocator-block-size=16777216"
    "memorysetup-cache-allocator-block-size=4194304"
    "memorysetup-typetree-allocator-block-size=2097152"
    "memorysetup-profiler-bucket-allocator-granularity=16"
    "memorysetup-profiler-bucket-allocator-bucket-count=8"
    "memorysetup-profiler-bucket-allocator-block-size=33554432"
    "memorysetup-profiler-bucket-allocator-block-count=8"
    "memorysetup-profiler-allocator-block-size=16777216"
    "memorysetup-profiler-editor-allocator-block-size=1048576"
    "memorysetup-temp-allocator-size-main=16777216"
    "memorysetup-job-temp-allocator-block-size=2097152"
    "memorysetup-job-temp-allocator-block-size-background=1048576"
    "memorysetup-job-temp-allocator-reduction-small-platforms=262144"
    "memorysetup-allocator-temp-initial-block-size-main=262144"
    "memorysetup-allocator-temp-initial-block-size-worker=262144"
    "memorysetup-temp-allocator-size-background-worker=32768"
    "memorysetup-temp-allocator-size-job-worker=262144"
    "memorysetup-temp-allocator-size-preload-manager=33554432"
    "memorysetup-temp-allocator-size-nav-mesh-worker=65536"
    "memorysetup-temp-allocator-size-audio-worker=65536"
    "memorysetup-temp-allocator-size-cloud-worker=32768"
    "memorysetup-temp-allocator-size-gi-baking-worker=262144"
    "memorysetup-temp-allocator-size-gfx=262144"
Player connection [19072] Host "[IP] 192.168.68.118 [Port] 0 [Flags] 2 [Guid] 4269433402 [EditorId] 4269433402 [Version] 1048832 [Id] WindowsEditor(7,DESKTOP-F3E8SVE) [Debug] 1 [PackageName] WindowsEditor [ProjectName] Editor" joined multi-casting on [225.0.0.222:54997]...

Player connection [19072] Host "[IP] 192.168.68.118 [Port] 0 [Flags] 2 [Guid] 4269433402 [EditorId] 4269433402 [Version] 1048832 [Id] WindowsEditor(7,DESKTOP-F3E8SVE) [Debug] 1 [PackageName] WindowsEditor [ProjectName] Editor" joined alternative multi-casting on [225.0.0.222:34997]...

[Physics::Module] Initialized MultithreadedJobDispatcher with 11 workers.
Refreshing native plugins compatible for Editor in 17.41 ms, found 2 plugins.
Preloading 0 native plugins for Editor in 0.00 ms.
Initialize engine version: 2022.3.16f1 (d2c21f0ef2f1)
[Subsystems] Discovering subsystems at path C:/Program Files/Unity/Hub/Editor/2022.3.16f1/Editor/Data/Resources/UnitySubsystems
[Subsystems] Discovering subsystems at path D:/UnityProject/3D_test3/Assets
GfxDevice: creating device client; threaded=0; jobified=0
Direct3D:
    Version:  Direct3D 11.0 [level 11.1]
    Renderer: NVIDIA GeForce GTX 1050 Ti (ID=0x1c82)
    Vendor:   NVIDIA
    VRAM:     4017 MB
    Driver:   31.0.15.3623
Initialize mono
Mono path[0] = 'C:/Program Files/Unity/Hub/Editor/2022.3.16f1/Editor/Data/Managed'
Mono path[1] = 'C:/Program Files/Unity/Hub/Editor/2022.3.16f1/Editor/Data/MonoBleedingEdge/lib/mono/unityjit-win32'
Mono config path = 'C:/Program Files/Unity/Hub/Editor/2022.3.16f1/Editor/Data/MonoBleedingEdge/etc'
Using monoOptions --debugger-agent=transport=dt_socket,embedding=1,server=y,suspend=n,address=127.0.0.1:56908
Begin MonoManager ReloadAssembly
Registering precompiled unity dll's ...
Register platform support module: C:/Program Files/Unity/Hub/Editor/2022.3.16f1/Editor/Data/PlaybackEngines/WebGLSupport/UnityEditor.WebGL.Extensions.dll
Register platform support module: C:/Program Files/Unity/Hub/Editor/2022.3.16f1/Editor/Data/PlaybackEngines/WindowsStandaloneSupport/UnityEditor.WindowsStandalone.Extensions.dll
Registered in 0.012849 seconds.
- Loaded All Assemblies, in  0.391 seconds
Native extension for WindowsStandalone target not found
Native extension for WebGL target not found
Mono: successfully reloaded assembly
- Finished resetting the current domain, in  0.258 seconds
Domain Reload Profiling: 648ms
	BeginReloadAssembly (135ms)
		ExecutionOrderSort (0ms)
		DisableScriptedObjects (0ms)
		BackupInstance (0ms)
		ReleaseScriptingObjects (0ms)
		CreateAndSetChildDomain (1ms)
	RebuildCommonClasses (34ms)
	RebuildNativeTypeToScriptingClass (14ms)
	initialDomainReloadingComplete (62ms)
	LoadAllAssembliesAndSetupDomain (144ms)
		LoadAssemblies (133ms)
		RebuildTransferFunctionScriptingTraits (0ms)
		AnalyzeDomain (141ms)
			TypeCache.Refresh (140ms)
				TypeCache.ScanAssembly (124ms)
			ScanForSourceGeneratedMonoScriptInfo (0ms)
			ResolveRequiredComponents (0ms)
	FinalizeReload (259ms)
		ReleaseScriptCaches (0ms)
		RebuildScriptCaches (0ms)
		SetupLoadedEditorAssemblies (203ms)
			LogAssemblyErrors (0ms)
			InitializePlatformSupportModulesInManaged (10ms)
			SetLoadedEditorAssemblies (5ms)
			RefreshPlugins (0ms)
			BeforeProcessingInitializeOnLoad (2ms)
			ProcessInitializeOnLoadAttributes (137ms)
			ProcessInitializeOnLoadMethodAttributes (49ms)
			AfterProcessingInitializeOnLoad (0ms)
			EditorAssembliesLoaded (0ms)
		ExecutionOrderSort2 (0ms)
		AwakeInstancesAfterBackupRestoration (0ms)
========================================================================
Worker process is ready to serve import requests
Begin MonoManager ReloadAssembly
Symbol file LoadedFromMemory is not a mono symbol file
- Loaded All Assemblies, in  0.613 seconds
Refreshing native plugins compatible for Editor in 9.72 ms, found 2 plugins.
Native extension for WindowsStandalone target not found
Native extension for WebGL target not found
Package Manager log level set to [2]
[Package Manager] Server::EnsureServerProcessIsRunning -- launch failed, reason: Unity was launched with the -noUpm command-line argument
[Package Manager] UpmClient::Send -- Unable to send message (not connected to UPM process).
[Package Manager] Cannot connect to Unity Package Manager local server
Mono: successfully reloaded assembly
- Finished resetting the current domain, in  0.633 seconds
Domain Reload Profiling: 1244ms
	BeginReloadAssembly (162ms)
		ExecutionOrderSort (0ms)
		DisableScriptedObjects (5ms)
		BackupInstance (0ms)
		ReleaseScriptingObjects (0ms)
		CreateAndSetChildDomain (20ms)
	RebuildCommonClasses (34ms)
	RebuildNativeTypeToScriptingClass (10ms)
	initialDomainReloadingComplete (42ms)
	LoadAllAssembliesAndSetupDomain (362ms)
		LoadAssemblies (347ms)
		RebuildTransferFunctionScriptingTraits (0ms)
		AnalyzeDomain (119ms)
			TypeCache.Refresh (98ms)
				TypeCache.ScanAssembly (81ms)
			ScanForSourceGeneratedMonoScriptInfo (17ms)
			ResolveRequiredComponents (3ms)
	FinalizeReload (634ms)
		ReleaseScriptCaches (0ms)
		RebuildScriptCaches (0ms)
		SetupLoadedEditorAssemblies (494ms)
			LogAssemblyErrors (0ms)
			InitializePlatformSupportModulesInManaged (7ms)
			SetLoadedEditorAssemblies (4ms)
			RefreshPlugins (0ms)
			BeforeProcessingInitializeOnLoad (53ms)
			ProcessInitializeOnLoadAttributes (278ms)
			ProcessInitializeOnLoadMethodAttributes (145ms)
			AfterProcessingInitializeOnLoad (7ms)
			EditorAssembliesLoaded (0ms)
		ExecutionOrderSort2 (0ms)
		AwakeInstancesAfterBackupRestoration (6ms)
Launched and connected shader compiler UnityShaderCompiler.exe after 0.08 seconds
Refreshing native plugins compatible for Editor in 9.06 ms, found 2 plugins.
Preloading 0 native plugins for Editor in 0.00 ms.
Unloading 2564 Unused Serialized files (Serialized files now loaded: 0)
Unloading 61 unused Assets / (68.8 KB). Loaded Objects now: 3010.
Memory consumption went from 188.0 MB to 188.0 MB.
Total: 6.249900 ms (FindLiveObjects: 0.230200 ms CreateObjectMapping: 0.154000 ms MarkObjects: 5.710200 ms  DeleteObjects: 0.154600 ms)

AssetImportParameters requested are different than current active one (requested -> active):
  custom:video-decoder-webm-vp8: 9c59270c3fd7afecdb556c50c9e8de78 -> 
  custom:SearchIndexIgnoredProperties: e643bd26f0fe6173181afceb89e7c659 -> 
  custom:container-demuxer-ogg: 62fdf1f143b41e24485cea50d1cbac27 -> 
  custom:AudioImporter_EditorPlatform: d09bf68614088b80899f8185d706f6e7 -> 
  custom:video-decoder-ogg-theora: a1e56fd34408186e4bbccfd4996cb3dc -> 
  custom:framework-win-MediaFoundation: 216162199b28c13a410421893ffa2e32 -> 
  custom:video-encoder-webm-vp8: eb34c28f22e8b96e1ab97ce403110664 -> 
  custom:audio-decoder-ogg-vorbis: bf7c407c2cedff20999df2af8eb42d56 -> 
  custom:CustomObjectIndexerAttribute: 43b350a4d6e6d1791af0b5038c4bea17 -> 
  custom:container-demuxer-webm: 4f35f7cbe854078d1ac9338744f61a02 -> 
  custom:audio-encoder-webm-vorbis: bf7c407c2cedff20999df2af8eb42d56 -> 
  custom:container-muxer-webm: aa71ff27fc2769a1b78a27578f13a17b -> 
========================================================================
Received Import Request.
  Time since last request: 1528665.266893 seconds.
  path: Assets/Texture/enemy05.png
  artifactKey: Guid(bcdfa9ad18416194eb56738a9658c60f) Importer(2089858483,0ecaa5967403d082aa24f35e1b516d23)
Start importing Assets/Texture/enemy05.png using Guid(bcdfa9ad18416194eb56738a9658c60f) Importer(2089858483,0ecaa5967403d082aa24f35e1b516d23) Generated GUIDs only implemented for interfaces!
 -> (artifact id: 'aa45236f2b98056911379907cc67d236') in 0.123221 seconds
Number of updated asset objects reloaded before import = 0
Number of asset objects unloaded after import = 1
========================================================================
Received Import Request.
  Time since last request: 0.000023 seconds.
  path: Assets/Texture/test.png
  artifactKey: Guid(8c572db1f3302fa48a7698ae14ace697) Importer(2089858483,0ecaa5967403d082aa24f35e1b516d23)
Start importing Assets/Texture/test.png using Guid(8c572db1f3302fa48a7698ae14ace697) Importer(2089858483,0ecaa5967403d082aa24f35e1b516d23) Generated GUIDs only implemented for interfaces!
 -> (artifact id: 'd5dfc565c91a4c3fd5bd7a163344ff42') in 0.023695 seconds
Number of updated asset objects reloaded before import = 0
Number of asset objects unloaded after import = 1
========================================================================
Received Import Request.
  Time since last request: 0.000025 seconds.
  path: Assets/Animator/enemy05.controller
  artifactKey: Guid(f92da644d9e5f6049a1be11cb29b26e9) Importer(2089858483,0ecaa5967403d082aa24f35e1b516d23)
Start importing Assets/Animator/enemy05.controller using Guid(f92da644d9e5f6049a1be11cb29b26e9) Importer(2089858483,0ecaa5967403d082aa24f35e1b516d23) Generated GUIDs only implemented for interfaces!
 -> (artifact id: '1c5a4f5fc0e3e042bf965da2bb52552c') in 0.006789 seconds
Number of updated asset objects reloaded before import = 0
Number of asset objects unloaded after import = 5
========================================================================
Received Import Request.
  Time since last request: 0.000013 seconds.
  path: Assets/Object/enemy05.fbx
  artifactKey: Guid(42dc0994683c4ad41870520132002678) Importer(2089858483,0ecaa5967403d082aa24f35e1b516d23)
Start importing Assets/Object/enemy05.fbx using Guid(42dc0994683c4ad41870520132002678) Importer(2089858483,0ecaa5967403d082aa24f35e1b516d23) Generated GUIDs only implemented for interfaces!
 -> (artifact id: 'c9228f89c8c0051e300e73bb013744e6') in 0.077003 seconds
Number of updated asset objects reloaded before import = 0
Number of asset objects unloaded after import = 50
========================================================================
Received Import Request.
  Time since last request: 0.000013 seconds.
  path: Assets/Object/enemy00.fbx
  artifactKey: Guid(973cde62349f87248af641c026b659c7) Importer(2089858483,0ecaa5967403d082aa24f35e1b516d23)
Start importing Assets/Object/enemy00.fbx using Guid(973cde62349f87248af641c026b659c7) Importer(2089858483,0ecaa5967403d082aa24f35e1b516d23) Generated GUIDs only implemented for interfaces!
 -> (artifact id: '94157e5d9b424669910f611f800a1d10') in 0.021626 seconds
Number of updated asset objects reloaded before import = 0
Number of asset objects unloaded after import = 21
========================================================================
Received Import Request.
  Time since last request: 0.000014 seconds.
  path: Assets/Texture/enemy02.png
  artifactKey: Guid(0ba48aee4ec987a4197b48ab8467ad64) Importer(2089858483,0ecaa5967403d082aa24f35e1b516d23)
Start importing Assets/Texture/enemy02.png using Guid(0ba48aee4ec987a4197b48ab8467ad64) Importer(2089858483,0ecaa5967403d082aa24f35e1b516d23) Generated GUIDs only implemented for interfaces!
 -> (artifact id: '4d1f581c0c700d2fb04958bdcd6891d7') in 0.019665 seconds
Number of updated asset objects reloaded before import = 0
Number of asset objects unloaded after import = 1
========================================================================
Received Import Request.
  Time since last request: 0.000019 seconds.
  path: Assets/Texture/enemy00.png
  artifactKey: Guid(1bd04c5174db04042b5f54274e270045) Importer(2089858483,0ecaa5967403d082aa24f35e1b516d23)
Start importing Assets/Texture/enemy00.png using Guid(1bd04c5174db04042b5f54274e270045) Importer(2089858483,0ecaa5967403d082aa24f35e1b516d23) Generated GUIDs only implemented for interfaces!
 -> (artifact id: '5cebb4db3f3529e3a169a4b245f537d1') in 0.020792 seconds
Number of updated asset objects reloaded before import = 0
Number of asset objects unloaded after import = 1
========================================================================
Received Import Request.
  Time since last request: 0.000012 seconds.
  path: Assets/Prefubs/Arrows.prefab
  artifactKey: Guid(6a058a57d357248469cca6c3668579ab) Importer(2089858483,0ecaa5967403d082aa24f35e1b516d23)
Start importing Assets/Prefubs/Arrows.prefab using Guid(6a058a57d357248469cca6c3668579ab) Importer(2089858483,0ecaa5967403d082aa24f35e1b516d23) Generated GUIDs only implemented for interfaces!
 -> (artifact id: 'ddb0d23b7e34f3db2711aa194248bf9a') in 0.005242 seconds
Number of updated asset objects reloaded before import = 0
Number of asset objects unloaded after import = 14
========================================================================
Received Import Request.
  Time since last request: 0.000012 seconds.
  path: Assets/Materials/New Material.mat
  artifactKey: Guid(203ff765a017b1d4dadb11440425e37b) Importer(2089858483,0ecaa5967403d082aa24f35e1b516d23)
Start importing Assets/Materials/New Material.mat using Guid(203ff765a017b1d4dadb11440425e37b) Importer(2089858483,0ecaa5967403d082aa24f35e1b516d23) Generated GUIDs only implemented for interfaces!
 -> (artifact id: '18c93db142be00894ede31a90b870ee8') in 0.051995 seconds
Number of updated asset objects reloaded before import = 0
Number of asset objects unloaded after import = 1
========================================================================
Received Import Request.
  Time since last request: 0.000068 seconds.
  path: Assets/Texture/gameclear.png
  artifactKey: Guid(1be253256b0010c4d9d66e3777f993c2) Importer(2089858483,0ecaa5967403d082aa24f35e1b516d23)
Start importing Assets/Texture/gameclear.png using Guid(1be253256b0010c4d9d66e3777f993c2) Importer(2089858483,0ecaa5967403d082aa24f35e1b516d23) Generated GUIDs only implemented for interfaces!
 -> (artifact id: '1d384068c571b761aa2cce0d30068625') in 0.020909 seconds
Number of updated asset objects reloaded before import = 0
Number of asset objects unloaded after import = 3
========================================================================
Received Import Request.
  Time since last request: 0.000012 seconds.
  path: Assets/Prefubs/enemyXX.prefab
  artifactKey: Guid(3a3f17b91a1147746b5f0cfb0b4b2ff6) Importer(2089858483,0ecaa5967403d082aa24f35e1b516d23)
Start importing Assets/Prefubs/enemyXX.prefab using Guid(3a3f17b91a1147746b5f0cfb0b4b2ff6) Importer(2089858483,0ecaa5967403d082aa24f35e1b516d23) Generated GUIDs only implemented for interfaces!
 -> (artifact id: 'bffaf9acb06c686ff73706c1a455b388') in 0.030204 seconds
Number of updated asset objects reloaded before import = 0
Number of asset objects unloaded after import = 59
========================================================================
Received Import Request.
  Time since last request: 0.000017 seconds.
  path: Assets/script/Game/Enemy/Boss/BossMuzle.cs
  artifactKey: Guid(13da098f173ef07429ff530fa9fc4891) Importer(2089858483,0ecaa5967403d082aa24f35e1b516d23)
Start importing Assets/script/Game/Enemy/Boss/BossMuzle.cs using Guid(13da098f173ef07429ff530fa9fc4891) Importer(2089858483,0ecaa5967403d082aa24f35e1b516d23) Generated GUIDs only implemented for interfaces!
 -> (artifact id: '63e071d0b8669af619701894c383f029') in 0.004432 seconds
Number of updated asset objects reloaded before import = 0
Number of asset objects unloaded after import = 1
========================================================================
Received Import Request.
  Time since last request: 0.000018 seconds.
  path: Assets/script/Game/UI/DebugText.cs
  artifactKey: Guid(359de007bcd51994490e9a7ff1b18bef) Importer(2089858483,0ecaa5967403d082aa24f35e1b516d23)
Start importing Assets/script/Game/UI/DebugText.cs using Guid(359de007bcd51994490e9a7ff1b18bef) Importer(2089858483,0ecaa5967403d082aa24f35e1b516d23) Generated GUIDs only implemented for interfaces!
 -> (artifact id: 'bcbfd8bf98a3e2cc1c35ca90ca506729') in 0.003951 seconds
Number of updated asset objects reloaded before import = 0
Number of asset objects unloaded after import = 1
========================================================================
Received Import Request.
  Time since last request: 0.000020 seconds.
  path: Assets/script/Game/GameManager/GameState.cs
  artifactKey: Guid(161bcfcbed956c84081cf07ea98febdb) Importer(2089858483,0ecaa5967403d082aa24f35e1b516d23)
Start importing Assets/script/Game/GameManager/GameState.cs using Guid(161bcfcbed956c84081cf07ea98febdb) Importer(2089858483,0ecaa5967403d082aa24f35e1b516d23) Generated GUIDs only implemented for interfaces!
 -> (artifact id: 'b67f59b20ce7fa2e2e65f4e330a817cc') in 0.005374 seconds
Number of updated asset objects reloaded before import = 0
Number of asset objects unloaded after import = 1
========================================================================
Received Import Request.
  Time since last request: 0.000018 seconds.
  path: Assets/script/Game/UI/UI_PAUSE.cs
  artifactKey: Guid(3a442a2b47e76db4cab1bb6bed41892d) Importer(2089858483,0ecaa5967403d082aa24f35e1b516d23)
Start importing Assets/script/Game/UI/UI_PAUSE.cs using Guid(3a442a2b47e76db4cab1bb6bed41892d) Importer(2089858483,0ecaa5967403d082aa24f35e1b516d23) Generated GUIDs only implemented for interfaces!
 -> (artifact id: 'bc7195a644c7d7537da3344b4b28a3cf') in 0.003688 seconds
Number of updated asset objects reloaded before import = 0
Number of asset objects unloaded after import = 1
========================================================================
Received Import Request.
  Time since last request: 0.000014 seconds.
  path: Assets/script/Game/Enemy/enemy01.cs
  artifactKey: Guid(af5abdd965239e242843597167a1e396) Importer(2089858483,0ecaa5967403d082aa24f35e1b516d23)
Start importing Assets/script/Game/Enemy/enemy01.cs using Guid(af5abdd965239e242843597167a1e396) Importer(2089858483,0ecaa5967403d082aa24f35e1b516d23) Generated GUIDs only implemented for interfaces!
 -> (artifact id: 'c01283387a311f94e8428f6fd33cee99') in 0.003403 seconds
Number of updated asset objects reloaded before import = 0
Number of asset objects unloaded after import = 1
========================================================================
Received Import Request.
  Time since last request: 0.000015 seconds.
  path: Assets/script/Game/GameManager/GameData.cs
  artifactKey: Guid(bac1e5133907c1d46b689f30f031e7e2) Importer(2089858483,0ecaa5967403d082aa24f35e1b516d23)
Start importing Assets/script/Game/GameManager/GameData.cs using Guid(bac1e5133907c1d46b689f30f031e7e2) Importer(2089858483,0ecaa5967403d082aa24f35e1b516d23) Generated GUIDs only implemented for interfaces!
 -> (artifact id: '2513862f45213309949dd68f6482eb48') in 0.003736 seconds
Number of updated asset objects reloaded before import = 0
Number of asset objects unloaded after import = 1
========================================================================
Received Import Request.
  Time since last request: 0.000016 seconds.
  path: Assets/script/Game/UI/UI_TimeBouns.cs
  artifactKey: Guid(e7593ea3bfdde994abd4725d186e3157) Importer(2089858483,0ecaa5967403d082aa24f35e1b516d23)
Start importing Assets/script/Game/UI/UI_TimeBouns.cs using Guid(e7593ea3bfdde994abd4725d186e3157) Importer(2089858483,0ecaa5967403d082aa24f35e1b516d23) Generated GUIDs only implemented for interfaces!
 -> (artifact id: '3a4451d2076bb258673799950bb868af') in 0.004241 seconds
Number of updated asset objects reloaded before import = 0
Number of asset objects unloaded after import = 1
========================================================================
Received Import Request.
  Time since last request: 0.000013 seconds.
  path: Assets/Animator/boss.controller
  artifactKey: Guid(0fea6729f479d6f428c39c55f5b0dae5) Importer(2089858483,0ecaa5967403d082aa24f35e1b516d23)
Start importing Assets/Animator/boss.controller using Guid(0fea6729f479d6f428c39c55f5b0dae5) Importer(2089858483,0ecaa5967403d082aa24f35e1b516d23) Generated GUIDs only implemented for interfaces!
 -> (artifact id: 'a32c87118614e321787a6fcbca89e620') in 0.003847 seconds
Number of updated asset objects reloaded before import = 0
Number of asset objects unloaded after import = 10
========================================================================
Received Import Request.
  Time since last request: 0.000013 seconds.
  path: Assets/script/Game/Player/PlayerGroundChecker.cs
  artifactKey: Guid(f28ab8e6eaeafbf4fa0792979155af35) Importer(2089858483,0ecaa5967403d082aa24f35e1b516d23)
Start importing Assets/script/Game/Player/PlayerGroundChecker.cs using Guid(f28ab8e6eaeafbf4fa0792979155af35) Importer(2089858483,0ecaa5967403d082aa24f35e1b516d23) Generated GUIDs only implemented for interfaces!
 -> (artifact id: '20bb189677c52fd5889e0853193322a8') in 0.003839 seconds
Number of updated asset objects reloaded before import = 0
Number of asset objects unloaded after import = 1
========================================================================
Received Import Request.
  Time since last request: 0.000018 seconds.
  path: Assets/Prefubs/EnemyBullet02.prefab
  artifactKey: Guid(938bdba712745b24a854837482de3560) Importer(2089858483,0ecaa5967403d082aa24f35e1b516d23)
Start importing Assets/Prefubs/EnemyBullet02.prefab using Guid(938bdba712745b24a854837482de3560) Importer(2089858483,0ecaa5967403d082aa24f35e1b516d23) Generated GUIDs only implemented for interfaces!
 -> (artifact id: 'e5282bc14939188828d767d2b44dd57b') in 0.013253 seconds
Number of updated asset objects reloaded before import = 0
Number of asset objects unloaded after import = 10
========================================================================
Received Import Request.
  Time since last request: 0.000012 seconds.
  path: Assets/Object/untitled2.fbx
  artifactKey: Guid(a8393d7997c4b1a4581d71ac9f26d129) Importer(2089858483,0ecaa5967403d082aa24f35e1b516d23)
Start importing Assets/Object/untitled2.fbx using Guid(a8393d7997c4b1a4581d71ac9f26d129) Importer(2089858483,0ecaa5967403d082aa24f35e1b516d23) Generated GUIDs only implemented for interfaces!
 -> (artifact id: '3c7353fa9e1d11c7e649573e09b1f8e9') in 0.120642 seconds
Number of updated asset objects reloaded before import = 0
Number of asset objects unloaded after import = 55
========================================================================
Received Import Request.
  Time since last request: 0.000015 seconds.
  path: Assets/Object/Arrows.fbx
  artifactKey: Guid(4229240a1318f6249b6b0608ecc28b18) Importer(2089858483,0ecaa5967403d082aa24f35e1b516d23)
Start importing Assets/Object/Arrows.fbx using Guid(4229240a1318f6249b6b0608ecc28b18) Importer(2089858483,0ecaa5967403d082aa24f35e1b516d23) Generated GUIDs only implemented for interfaces!
 -> (artifact id: '50f96c909674888a62e682271a0ea2e8') in 0.019239 seconds
Number of updated asset objects reloaded before import = 0
Number of asset objects unloaded after import = 16
========================================================================
Received Import Request.
  Time since last request: 0.000019 seconds.
  path: Assets/script/Game/Enemy/Enemy.cs
  artifactKey: Guid(da83b3f752dfd7c468e4178c079265c3) Importer(2089858483,0ecaa5967403d082aa24f35e1b516d23)
Start importing Assets/script/Game/Enemy/Enemy.cs using Guid(da83b3f752dfd7c468e4178c079265c3) Importer(2089858483,0ecaa5967403d082aa24f35e1b516d23) Generated GUIDs only implemented for interfaces!
 -> (artifact id: '5ada3ff30f3b3588c12ed2d31dd61e3c') in 0.003584 seconds
Number of updated asset objects reloaded before import = 0
Number of asset objects unloaded after import = 1
========================================================================
Received Import Request.
  Time since last request: 0.000042 seconds.
  path: Assets/script/Game/UI/UI_GameClear.cs
  artifactKey: Guid(610a55157232fc04d818b058bd8890dc) Importer(2089858483,0ecaa5967403d082aa24f35e1b516d23)
Start importing Assets/script/Game/UI/UI_GameClear.cs using Guid(610a55157232fc04d818b058bd8890dc) Importer(2089858483,0ecaa5967403d082aa24f35e1b516d23) Generated GUIDs only implemented for interfaces!
 -> (artifact id: 'd880401ecba191b6bcd32044685af5bd') in 0.004130 seconds
Number of updated asset objects reloaded before import = 0
Number of asset objects unloaded after import = 1
========================================================================
Received Import Request.
  Time since last request: 0.000017 seconds.
  path: Assets/Prefubs/floor00.prefab
  artifactKey: Guid(f332d046a1da7f24dbb21e4ddde622dc) Importer(2089858483,0ecaa5967403d082aa24f35e1b516d23)
Start importing Assets/Prefubs/floor00.prefab using Guid(f332d046a1da7f24dbb21e4ddde622dc) Importer(2089858483,0ecaa5967403d082aa24f35e1b516d23) Generated GUIDs only implemented for interfaces!
 -> (artifact id: '7cd86fa22c8c754a2e9cd5459eb51df8') in 0.007893 seconds
Number of updated asset objects reloaded before import = 0
Number of asset objects unloaded after import = 8
========================================================================
Received Import Request.
  Time since last request: 0.000013 seconds.
  path: Assets/script/Game/Enemy/traproll.cs
  artifactKey: Guid(49e206a8f99e3224494fbcde79a21e3e) Importer(2089858483,0ecaa5967403d082aa24f35e1b516d23)
Start importing Assets/script/Game/Enemy/traproll.cs using Guid(49e206a8f99e3224494fbcde79a21e3e) Importer(2089858483,0ecaa5967403d082aa24f35e1b516d23) Generated GUIDs only implemented for interfaces!
 -> (artifact id: '9db0be212e063a9ac707beab8fdf2fdd') in 0.004500 seconds
Number of updated asset objects reloaded before import = 0
Number of asset objects unloaded after import = 1
========================================================================
Received Import Request.
  Time since last request: 0.000016 seconds.
  path: Assets/script/Game/UI/UI_PauseText.cs
  artifactKey: Guid(aae1a59ebd01d374bbbcb7de85008a43) Importer(2089858483,0ecaa5967403d082aa24f35e1b516d23)
Start importing Assets/script/Game/UI/UI_PauseText.cs using Guid(aae1a59ebd01d374bbbcb7de85008a43) Importer(2089858483,0ecaa5967403d082aa24f35e1b516d23) Generated GUIDs only implemented for interfaces!
 -> (artifact id: '1bb0c42ab16d50f1b2f77ad3af173a9a') in 0.005021 seconds
Number of updated asset objects reloaded before import = 0
Number of asset objects unloaded after import = 1
========================================================================
Received Import Request.
  Time since last request: 0.000015 seconds.
  path: Assets/script/Game/Player/Shooting.cs
  artifactKey: Guid(c09bd4e71e07c9a41bfdf7d398ed90ef) Importer(2089858483,0ecaa5967403d082aa24f35e1b516d23)
Start importing Assets/script/Game/Player/Shooting.cs using Guid(c09bd4e71e07c9a41bfdf7d398ed90ef) Importer(2089858483,0ecaa5967403d082aa24f35e1b516d23) Generated GUIDs only implemented for interfaces!
 -> (artifact id: 'e5c022d51aefd792c49467caae2fc3fd') in 0.172737 seconds
Number of updated asset objects reloaded before import = 0
Number of asset objects unloaded after import = 1
========================================================================
Received Import Request.
  Time since last request: 0.000014 seconds.
  path: Assets/PhysicMaterial/Playerfriction.physicMaterial
  artifactKey: Guid(9cd503fdae04a914380e38fd88a51b4f) Importer(2089858483,0ecaa5967403d082aa24f35e1b516d23)
Start importing Assets/PhysicMaterial/Playerfriction.physicMaterial using Guid(9cd503fdae04a914380e38fd88a51b4f) Importer(2089858483,0ecaa5967403d082aa24f35e1b516d23) Generated GUIDs only implemented for interfaces!
 -> (artifact id: '42423c977568c250aa8fd536a2cd1de2') in 0.016447 seconds
Number of updated asset objects reloaded before import = 0
Number of asset objects unloaded after import = 1
========================================================================
Received Import Request.
  Time since last request: 0.000017 seconds.
  path: Assets/Object/enemy04.fbx
  artifactKey: Guid(08119d0b502ab704abb70a0cb58a5169) Importer(2089858483,0ecaa5967403d082aa24f35e1b516d23)
Start importing Assets/Object/enemy04.fbx using Guid(08119d0b502ab704abb70a0cb58a5169) Importer(2089858483,0ecaa5967403d082aa24f35e1b516d23) Generated GUIDs only implemented for interfaces!
 -> (artifact id: '28e354b043431ce4fa85b7182f56896d') in 0.023369 seconds
Number of updated asset objects reloaded before import = 0
Number of asset objects unloaded after import = 34
========================================================================
Received Import Request.
  Time since last request: 0.000022 seconds.
  path: Assets/script/Game/UI/UI_Timer.cs
  artifactKey: Guid(7a4a3fd69b0e2e543bd675710ee4613f) Importer(2089858483,0ecaa5967403d082aa24f35e1b516d23)
Start importing Assets/script/Game/UI/UI_Timer.cs using Guid(7a4a3fd69b0e2e543bd675710ee4613f) Importer(2089858483,0ecaa5967403d082aa24f35e1b516d23) Generated GUIDs only implemented for interfaces!
 -> (artifact id: 'bd70a7833a1a8e5544b647c2c44b9392') in 0.004414 seconds
Number of updated asset objects reloaded before import = 0
Number of asset objects unloaded after import = 1
========================================================================
Received Import Request.
  Time since last request: 0.000018 seconds.
  path: Assets/Object/EnemyBullet02.fbx
  artifactKey: Guid(c03e230d001185b4aad85777a9833bc7) Importer(2089858483,0ecaa5967403d082aa24f35e1b516d23)
Start importing Assets/Object/EnemyBullet02.fbx using Guid(c03e230d001185b4aad85777a9833bc7) Importer(2089858483,0ecaa5967403d082aa24f35e1b516d23) Generated GUIDs only implemented for interfaces!
 -> (artifact id: '7c9d9227e42b88c4907bdf04e030735e') in 0.018706 seconds
Number of updated asset objects reloaded before import = 0
Number of asset objects unloaded after import = 8
========================================================================
Received Import Request.
  Time since last request: 0.000013 seconds.
  path: Assets/script/Game/Enemy/enemy02.cs
  artifactKey: Guid(363c6d648c8d8db458c2e0bbfdf22f57) Importer(2089858483,0ecaa5967403d082aa24f35e1b516d23)
Start importing Assets/script/Game/Enemy/enemy02.cs using Guid(363c6d648c8d8db458c2e0bbfdf22f57) Importer(2089858483,0ecaa5967403d082aa24f35e1b516d23) Generated GUIDs only implemented for interfaces!
 -> (artifact id: 'faaea0b229e4843def947a7f7cf8a247') in 0.003239 seconds
Number of updated asset objects reloaded before import = 0
Number of asset objects unloaded after import = 1
========================================================================
Received Import Request.
  Time since last request: 0.000012 seconds.
  path: Assets/Prefubs/enemy00.prefab
  artifactKey: Guid(baf612b2fd9252743a2c5b14df586178) Importer(2089858483,0ecaa5967403d082aa24f35e1b516d23)
Start importing Assets/Prefubs/enemy00.prefab using Guid(baf612b2fd9252743a2c5b14df586178) Importer(2089858483,0ecaa5967403d082aa24f35e1b516d23) Generated GUIDs only implemented for interfaces!
 -> (artifact id: '47d6b652d12b15263177a88be2d81e34') in 0.014558 seconds
Number of updated asset objects reloaded before import = 0
Number of asset objects unloaded after import = 33
========================================================================
Received Import Request.
  Time since last request: 0.000013 seconds.
  path: Assets/script/Game/StageObject/FloorTexture.cs
  artifactKey: Guid(02ead3b3e6760c843991b0834df80490) Importer(2089858483,0ecaa5967403d082aa24f35e1b516d23)
Start importing Assets/script/Game/StageObject/FloorTexture.cs using Guid(02ead3b3e6760c843991b0834df80490) Importer(2089858483,0ecaa5967403d082aa24f35e1b516d23) Generated GUIDs only implemented for interfaces!
 -> (artifact id: 'd422f45a9e83f04ffb356ac1827f3f55') in 0.003705 seconds
Number of updated asset objects reloaded before import = 0
Number of asset objects unloaded after import = 1
========================================================================
Received Import Request.
  Time since last request: 0.000018 seconds.
  path: Assets/Texture/bullet.png
  artifactKey: Guid(f57acad73ea5a154c83e2de3533ebc94) Importer(2089858483,0ecaa5967403d082aa24f35e1b516d23)
Start importing Assets/Texture/bullet.png using Guid(f57acad73ea5a154c83e2de3533ebc94) Importer(2089858483,0ecaa5967403d082aa24f35e1b516d23) Generated GUIDs only implemented for interfaces!
 -> (artifact id: '958008bc304c80c9805c4676819c807c') in 0.019254 seconds
Number of updated asset objects reloaded before import = 0
Number of asset objects unloaded after import = 1
========================================================================
Received Import Request.
  Time since last request: 0.000013 seconds.
  path: Assets/Materials/effect02.mat
  artifactKey: Guid(f6409312f0f493f4aa1fc942dec640ea) Importer(2089858483,0ecaa5967403d082aa24f35e1b516d23)
Start importing Assets/Materials/effect02.mat using Guid(f6409312f0f493f4aa1fc942dec640ea) Importer(2089858483,0ecaa5967403d082aa24f35e1b516d23) Generated GUIDs only implemented for interfaces!
 -> (artifact id: 'ec0d0ce70b7077b5faa83408854a3580') in 0.007845 seconds
Number of updated asset objects reloaded before import = 0
Number of asset objects unloaded after import = 2
========================================================================
Received Import Request.
  Time since last request: 0.000013 seconds.
  path: Assets/Prefubs/EnemyBullet01.prefab
  artifactKey: Guid(c6b67294f3c6c1c4aa05aae0eec07c79) Importer(2089858483,0ecaa5967403d082aa24f35e1b516d23)
Start importing Assets/Prefubs/EnemyBullet01.prefab using Guid(c6b67294f3c6c1c4aa05aae0eec07c79) Importer(2089858483,0ecaa5967403d082aa24f35e1b516d23) Generated GUIDs only implemented for interfaces!
 -> (artifact id: '7eabbb987bda80abbad3153dd43485cc') in 0.009499 seconds
Number of updated asset objects reloaded before import = 0
Number of asset objects unloaded after import = 11
========================================================================
Received Import Request.
  Time since last request: 0.000015 seconds.
  path: Assets/script/Game/Enemy/enemy04.cs
  artifactKey: Guid(508ab508d0127914cb7cd91e368cf454) Importer(2089858483,0ecaa5967403d082aa24f35e1b516d23)
Start importing Assets/script/Game/Enemy/enemy04.cs using Guid(508ab508d0127914cb7cd91e368cf454) Importer(2089858483,0ecaa5967403d082aa24f35e1b516d23) Generated GUIDs only implemented for interfaces!
 -> (artifact id: 'f17a64c731cdc94aa8a7f3774c5e0090') in 0.003631 seconds
Number of updated asset objects reloaded before import = 0
Number of asset objects unloaded after import = 1
========================================================================
Received Import Request.
  Time since last request: 0.000066 seconds.
  path: Assets/script/Game/UI/UI_Score.cs
  artifactKey: Guid(16d033e2b82a2cb4b8195f1eff572177) Importer(2089858483,0ecaa5967403d082aa24f35e1b516d23)
Start importing Assets/script/Game/UI/UI_Score.cs using Guid(16d033e2b82a2cb4b8195f1eff572177) Importer(2089858483,0ecaa5967403d082aa24f35e1b516d23) Generated GUIDs only implemented for interfaces!
 -> (artifact id: 'fb7935def990cdde2810845a4916ff84') in 0.003341 seconds
Number of updated asset objects reloaded before import = 0
Number of asset objects unloaded after import = 1
========================================================================
Received Import Request.
  Time since last request: 0.000013 seconds.
  path: Assets/Resources/BillingMode.json
  artifactKey: Guid(23c8966bb2495db48bc5bbaa5abb087b) Importer(2089858483,0ecaa5967403d082aa24f35e1b516d23)
Start importing Assets/Resources/BillingMode.json using Guid(23c8966bb2495db48bc5bbaa5abb087b) Importer(2089858483,0ecaa5967403d082aa24f35e1b516d23) Generated GUIDs only implemented for interfaces!
 -> (artifact id: 'c07b2a6eeeab34a47a80212691b102dd') in 0.003102 seconds
Number of updated asset objects reloaded before import = 0
Number of asset objects unloaded after import = 1
========================================================================
Received Import Request.
  Time since last request: 0.000014 seconds.
  path: Assets/Materials/EnemyBullet01.mat
  artifactKey: Guid(f897299cc88d53742bf51c9e7b166b2f) Importer(2089858483,0ecaa5967403d082aa24f35e1b516d23)
Start importing Assets/Materials/EnemyBullet01.mat using Guid(f897299cc88d53742bf51c9e7b166b2f) Importer(2089858483,0ecaa5967403d082aa24f35e1b516d23) Generated GUIDs only implemented for interfaces!
 -> (artifact id: '981ed206147c0431635969816c59ece9') in 0.005036 seconds
Number of updated asset objects reloaded before import = 0
Number of asset objects unloaded after import = 1
Editor requested this worker to shutdown with reason: Scaling down because of idle timeout
TcpMessagingSession - receive error: operation aborted. errorcode: 995, details: スレッドの終了またはアプリケーションの要求によって、I/O 処理は中止されました。
AssetImportWorker is now disconnected from the server
Process exiting
Exiting without the bug reporter. Application will terminate with return code 0